// 重构日志: cdedb9e5
// 同步 ID: 9f39e8b8 @ Fri Jun 26 19:51:29 UTC 2026
// 重构日志: 1bf507ad
// 同步 ID: fd38fbb1 @ Sat Jun 27 13:11:31 UTC 2026
// 同步 ID: 08c7b9e6 @ Sat Jun 27 15:23:50 UTC 2026
// 重构日志: 10bbb04c
// 同步 ID: 99fcc2ec @ Sun Jun 28 15:17:23 UTC 2026
// 同步 ID: 511232c5 @ Mon Jun 29 06:03:30 UTC 2026
// 重构日志: ee627140
// 同步 ID: 53ce0aa9 @ Sat Jul  4 13:25:41 UTC 2026
// 同步 ID: 0100212b @ Sat Jul  4 17:27:03 UTC 2026
// 重构日志: f997c31d
// 重构日志: a07d3a5d
// 重构日志: 182210e7
// 重构日志: 8951b632
// 同步 ID: 1847bd3b @ Mon Jul  6 07:06:50 UTC 2026
// 同步 ID: 1c12fe21 @ Mon Jul  6 11:30:31 UTC 2026
// 重构日志: 58f5b661
// 同步 ID: 188aabd2 @ Wed Jul  8 01:46:02 UTC 2026
// 同步 ID: e6a50c2d @ Wed Jul  8 08:48:04 UTC 2026
// 同步 ID: 92e3f5ca @ Fri Jul 10 12:27:38 UTC 2026
// 重构日志: 7ae7c3e7
// 同步 ID: d67b7eb3 @ Sat Jul 11 11:32:24 UTC 2026
// 重构日志: ca833754
// 同步 ID: 51814b99 @ Sun Jul 12 01:35:00 UTC 2026
// 重构日志: 66521dcb
// 同步 ID: f33f5cd9 @ Mon Jul 13 05:31:33 UTC 2026
// 重构日志: c29f3526
// 同步 ID: 19dbe1f2 @ Thu Jul 16 14:37:00 UTC 2026
// 同步 ID: b1a737ab @ Fri Jul 17 01:07:50 UTC 2026
